scrapping 6  pages...
Scrapping... 1
Bitcoin BTC : done
Ethereum ETH : done
XRP XRP : done
Tether USDT : done
Solana SOL : done
BNB BNB : done
Dogecoin DOGE : done
Cardano ADA : done
USD Coin USDC : done
TRON TRX : done
Avalanche AVAX : done
TON TON : done
SHIBA INU SHIB : done
Stellar XLM : done
Chainlink LINK : done
Polkadot DOT : done
Hedera HBAR : done
Sui SUI : done
Bitcoin Cash BCH : done
Litecoin LTC : done
NEAR Protocol NEAR : done
Uniswap UNI : done
Pepe PEPE : done
UNUS SED LEO LEO : done
Aptos APT : done
Internet Computer ICP : done
Polygon Ecosystem Token POL : done
Dai DAI : done
Cronos CRO : done
VeChain VET : done
Ethereum Classic ETC : done
Artificial Superintelligence Alliance FET : done
Render RENDER : done
Bittensor TAO : done
Algorand ALGO : done
Filecoin FIL : done
Arbitrum ARB : done
Kaspa KAS : done
MANTRA OM : done
Cosmos ATOM : done
Stacks STX : done
Aave AAVE : done
Fantom FTM : done
Celestia TIA : done
Immutable IMX : done
OKB OKB : done
Monero XMR : done
dogwifhat WIF : done
Injective INJ : done
Bonk BONK : done
Optimism OP : done
Mantle MNT : done
Theta THETA : done
The Graph GRT : done
Sei SEI : done
Ethena ENA : done
Worldcoin WLD : done
THORChain RUNE : done
Ondo ONDO : done
Bitget Token BGB : done
FLOKI FLOKI : done
JasmyCoin JASMY : done
Maker MKR : done
Kaia KAIA : done
Brett BRETT : done
First Digital USD FDUSD : done
Gala GALA : done
The Sandbox SAND : done
Arweave AR : done
Pyth Network PYTH : done
IOTA IOTA : done
Lido DAO LDO : done
Flare FLR : done
Quant QNT : done
EOS EOS : done
Flow FLOW : done
Tezos XTZ : done
Jupiter JUP : done
StarkNet Token STRK : done
Helium HNT : done
Polygon MATIC : done
KuCoin Token KCS : done
BitTorrent BTT : done
Beam BEAM : done
Bitcoin SV BSV : done
Raydium RAY : done
MultiversX EGLD : done
Core CORE : done
Axie Infinity AXS : done
Popcat (SOL) POPCAT : done
Ethereum Name Service ENS : done
Neo NEO : done
Decentraland MANA : done
ApeCoin APE : done
AIOZ Network AIOZ : done
Peanut the Squirrel PNUT : done
Zcash ZEC : done
XDC Network XDC : done
Reserve Rights RSR : done
Conflux Network CFX : done
Scrapping... 2
dYdX (Native) DYDX : done
Aerodrome Finance AERO : done
Curve DAO Token CRV : done
ORDI ORDI : done
GateToken GT : done
Chiliz CHZ : done
Akash Network AKT : done
Mina MINA : done
Pendle PENDLE : done
eCash XEC : done
MOG Coin MOG : done
Nexo NEXO : done
PancakeSwap CAKE : done
Notcoin NOT : done
Synthetix SNX : done
Wormhole W : done
Axelar AXL : done
Terra Classic LUNC : done
Oasis Network ROSE : done
FTX Token FTT : done
EigenLayer EIGEN : done
zkSync ZK : done
cat in a dogs world MEW : done
Blur BLUR : done
Compound COMP : done
Ronin RON : done
USDD USDD : done
Nervos Network CKB : done
First Neiro On Ethereum NEIRO : done
Kava KAVA : done
Gnosis GNO : done
Goatseus Maximus GOAT : done
Kusama KSM : done
LayerZero ZRO : done
SATS (Ordinals) SATS : done
Tether Gold XAUt : done
BOOK OF MEME BOME : done
Dash DASH : done
Holo HOT : done
Zilliqa ZIL : done
1inch 1INCH : done
APENFT NFT : done
Amp AMP : done
Astar ASTR : done
WOO Network WOO : done
IoTeX IOTX : done
Enjin Coin ENJ : done
Bitcoin Gold BTG : done
SATS 1000SATS : done
Safe SAFE : done
DeXe DEXE : done
Livepeer LPT : done
Theta Fuel TFUEL : done
Creditcoin CTC : done
GMT GMT : done
Celo CELO : done
Trust Wallet Token TWT : done
Convex Finance CVX : done
Arkham ARKM : done
ether.fi ETHFI : done
0x ZRX : done
PAX Gold PAXG : done
Memecoin MEME : done
TrueUSD TUSD : done
ZetaChain ZETA : done
Dymension DYM : done
EthereumPoW ETHW : done
Turbo TURBO : done
PayPal USD PYUSD : done
Basic Attention Token BAT : done
WEMIX WEMIX : done
Act I : The AI Prophecy ACT : done
XYO XYO : done
Ravencoin RVN : done
Manta Network MANTA : done
aevo AEVO : done
Ankr ANKR : done
Kadena KDA : done
Golem GLM : done
JUST JST : done
Qtum QTUM : done
Jito JTO : done
SPACE ID ID : done
Echelon Prime PRIME : done
Chia Network XCH : done
Osmosis OSMO : done
Terra LUNA : done
Siacoin SC : done
OriginTrail TRAC : done
SKALE Network SKL : done
Gas GAS : done
Harmony ONE : done
io.net IO : done
Altlayer ALT : done
Mask Network MASK : done
aelf ELF : done
SafePal SFP : done
BICONOMY BICO : done
DOGS DOGS : done
Metis METIS : done
Scrapping... 3
Ethena USDe USDe : done
Virtuals Protocol VIRTUAL : done
ZEEBU ZBU : done
Fellaz FLZ : done
Fasttoken FTN : done
Grass GRASS : done
DOG•GO•TO•THE•MOON DOG : done
Frax FRAX : done
Telcoin TEL : done
Qubic QUBIC : done
Snek SNEK : done
Beldex BDX : done
SPX6900 SPX : done
Chintai CHEX : done
Moo Deng (moodengsol.com) MOODENG : done
Cheelee CHEEL : done
Meta Games Coin MGC : done
PepeCoin PEPECOIN : done
VerusCoin VRSC : done
Just a chill guy CHILLGUY : done
Ondo US Dollar Yield USDY : done
Destra Network DSYNC : done
Aleo ALEO : done
dYdX (ethDYDX) ETHDYDX : done
ai16z AI16Z : done
Polymesh POLYX : done
Baby Doge Coin BabyDoge : done
SushiSwap SUSHI : done
Loopring LRC : done
ssv.network SSV : done
Aethir ATH : done
Gigachad GIGA : done
ConstitutionDAO PEOPLE : done
SwissBorg BORG : done
Threshold T : done
Decred DCR : done
Radix XRD : done
Drift DRIFT : done
Tribe TRIBE : done
Zerebro ZEREBRO : done
MX Token MX : done
Frax Share FXS : done
FLEX FLEX : done
Orbler ORBR : done
DigiByte DGB : done
GMX GMX : done
Band Protocol BAND : done
Rocket Pool RPL : done
Illuvium ILV : done
Flux FLUX : done
VeThor Token VTHO : done
MimbleWimbleCoin MWC : done
UMA UMA : done
Moonbeam GLMR : done
Rollbit Coin RLB : done
Gravity G : done
Pixels PIXEL : done
yearn.finance YFI : done
Verge XVG : done
Yield Guild Games YGG : done
Department Of Government Efficiency (dogegov.com) DOGE : done
Ontology ONT : done
BasedAI BASEDAI : done
Xai XAI : done
COTI COTI : done
Ponke PONKE : done
Alchemy Pay ACH : done
NEM XEM : done
Vanar Chain VANRY : done
Chromia CHR : done
Simon’s Cat CAT : done
0x0.ai 0x0 : done
Saga SAGA : done
ICON ICX : done
Solar SXP : done
SUN SUN : done
Blast BLAST : done
Hamster Kombat HMSTR : done
Storj STORJ : done
Constellation DAG : done
Non-Playable Coin NPC : done
Big Time BIGTIME : done
Hivemapper HONEY : done
Horizen ZEN : done
Casper CSPR : done
Audius AUDIO : done
LCX LCX : done
Metaplex MPLX : done
Apu Apustaja APU : done
Cetus Protocol CETUS : done
PAAL AI PAAL : done
Avail AVAIL : done
VVS Finance VVS : done
World Mobile Token WMTX : done
Paycoin PCI : done
BinaryX BNX : done
Degen DEGEN : done
Clearpool CPOOL : done
Open Campus EDU : done
Waves WAVES : done
Scrapping... 4
Nano XNO : done
ANDY (ETH) ANDY : done
Delysium AGI : done
Merlin Chain MERL : done
HarryPotterObamaSonic10Inu BITCOIN : done
JOE JOE : done
Tellor TRB : done
Mythos MYTH : done
Sologenic SOLO : done
IOStoken IOST : done
Lisk LSK : done
Buggyra Coin Zero BCZERO : done
Centrifuge CFG : done
Secret SCRT : done
Zigcoin ZIG : done
Coin98 C98 : done
API3 API3 : done
Morpho MORPHO : done
Banana Gun BANANA : done
BounceBit BB : done
WAX WAXP : done
Balancer BAL : done
Status SNT : done
UPCX UPC : done
ANyONe Protocol ANYONE : done
TrueFi TRU : done
Dent DENT : done
Portal PORTAL : done
Metars Genesis MRS : done
Cartesi CTSI : done
Symbol XYM : done
Neutron NTRN : done
Sleepless AI AI : done
Spectral SPEC : done
Celer Network CELR : done
ArcBlock ABT : done
Smooth Love Potion SLP : done
THENA THE : done
Marlin POND : done
iExec RLC RLC : done
Ontology Gas ONG : done
Venus XVS : done
Powerledger POWR : done
Scroll Token SCR : done
Coq Inu COQ : done
Bitkub Coin KUB : done
Moonriver MOVR : done
Numeraire NMR : done
Orca ORCA : done
HTX Token HT : done
Solana Name Service FIDA : done
Velo VELO : done
Aleph Zero AZERO : done
Osaka Protocol OSAK : done
Gomining Gomining : done
Nosana NOS : done
Taiko TAIKO : done
Civic CVC : done
BORA BORA : done
Usual USUAL : done
Realio Network RIO : done
Zentry ZENT : done
Treasure MAGIC : done
IQ IQ : done
Fartcoin FARTCOIN : done
Node AI GPU : done
Ergo ERG : done
ChainGPT CGPT : done
Oraichain Token ORAI : done
Propy PRO : done
Catizen CATI : done
WINk WIN : done
Spell Token SPELL : done
Liquity LQTY : done
Elixir deUSD DEUSD : done
Vulcan Forged PYR PYR : done
Ultima ULTIMA : done
Alephium ALPH : done
TerraClassicUSD USTC : done
Humans.ai HEART : done
Solidus Ai Tech AITECH : done
Autonolas OLAS : done
SUNDOG SUNDOG : done
Keep Network KEEP : done
Lumia LUMIA : done
CyberConnect CYBER : done
Nakamoto Games NAKA : done
Oasys OAS : done
Synapse SYN : done
Dusk Network DUSK : done
USDB USDB : done
JUST Stablecoin USDJ : done
Pundi X [new] PUNDIX : done
Cortex CTXC : done
RSK Infrastructure Framework RIF : done
MVL MVL : done
NetMind Token NMT : done
DeepBook Protocol DEEP : done
Hive HIVE : done
Stratis [New] STRAX : done
Scrapping... 5
Cheems (cheems.pet) CHEEMS : done
Wilder World WILD : done
sudeng HIPPO : done
Mr Mint MNT : done
Highstreet HIGH : done
HashAI HASHAI : done
Bitcoin Wizards WZRD : done
michi $MICHI : done
Kyber Network KNC : done
Alethea Liquid Intelligence ALI : done
Bone ShibaSwap BONE : done
CARV CARV : done
Syscoin SYS : done
Shentu CTK : done
Mines of Dalarnia DAR : done
Hooked Protocol HOOK : done
Luckycoin LKY : done
SLERF SLERF : done
Phala.Network PHA : done
Hashflow HFT : done
Fusionist ACE : done
DODO DODO : done
Steem STEEM : done
Ozone Chain OZO : done
Comedian BAN : done
Altura ALU : done
X Empire X : done
dKargo DKA : done
Iagon IAG : done
Ardor ARDR : done
STASIS EURO EURS : done
Orchid OXT : done
Coreum COREUM : done
CUDOS CUDOS : done
Omni Network OMNI : done
Seedify.fund SFUND : done
TARS AI TAI : done
Prom PROM : done
Maverick Protocol MAV : done
Ark ARK : done
H2O DAO H2O : done
NeuralAI NEURAL : done
Bounce Token AUCTION : done
Helium Mobile MOBILE : done
Aurora AURORA : done
Metal MTL : done
Landwolf 0x67 WOLF : done
LUKSO LYX : done
MOBOX MBOX : done
Phoenix Global (new) PHB : done
MiL.k MLK : done
Unizen ZCX : done
CoW Protocol COW : done
BENQI QI : done
MediBloc MED : done
DIA DIA : done
Polyhedra Network ZKJ : done
Acala Token ACA : done
SuperRare RARE : done
MyNeighborAlice ALICE : done
Dogelon Mars ELON : done
Moca Network MOCA : done
Paycoin PCI : done
LUCE LUCE : done
Bazaars BZR : done
SmarDex SDEX : done
Satoshi Airline JET : done
Braintrust BTRST : done
RSS3 RSS3 : done
Velodrome Finance VELO : done
Aragon ANT : done
BakeryToken BAKE : done
Radiant Capital RDNT : done
Orbs ORBS : done
ARPA Chain ARPA : done
Stella ALPHA : done
Adventure Gold AGLD : done
NFPrompt NFP : done
ShibaBitcoin SHIBTC : done
Mumu the Bull MUMU : done
Covalent X Token CXT : done
LimeWire LMWR : done
RadioCaca RACA : done
Bancor BNT : done
Gitcoin GTC : done
Pax Dollar USDP : done
Radio Caca RACA : done
Origin Protocol OGN : done
STP STPT : done
Myria MYRIA : done
inSure SURE : done
UXLINK UXLINK : done
Request Network REQ : done
Myro MYRO : done
Zano ZANO : done
Saitama STC : done
KARRAT KARRAT : done
Tokenlon Network Token LON : done
RETARDIO RETARDIO : done
Renzo REZ : done
Scrapping... 6
BitMart Token BMX : done
OX Coin OX : done
Verum Coin VERUM : done
NKN NKN : done
Maple MPL : done
Lista DAO LISTA : done
LTO Network LTO : done
Euro Coin EURC : done
BILLION•DOLLAR•CAT BDC : done
StormX STMX : done
Tornado Cash TORN : done
Toshi TOSHI : done
PaLM AI PALM : done
Wojak WOJAK : done
Wen WEN : done
Islamic Coin ISLM : done
Clash of Lilliput COL : done
LeverFi LEVER : done
SaucerSwap SAUCE : done
BUBCAT BUB : done
GameBuild GAME : done
Loom Network LOOM : done
Gods Unchained GODS : done
Tokamak Network TON : done
ResearchCoin RSC : done
NYM NYM : done
Tensor TNSR : done
Zebec Network ZBCN : done
First Convicted Raccon Fred FRED : done
MARBLEX MBX : done
Mr Miggles MIGGLES : done
Entangle NGL : done
AI Analysis Token AIAT : done
Radworks RAD : done
QuarkChain QKC : done
Stronghold Token SHX : done
Rarible RARI : done
Badger DAO BADGER : done
DAO Maker DAO : done
ApeX Protocol APEX : done
Gains Network GNS : done
TokenFi TOKEN : done
Heroes of Mavia MAVIA : done
Pocket Network POKT : done
MobileCoin MOB : done
Telos TLOS : done
Tectum TET : done
DeFi Pulse Index DPI : done
WazirX WRX : done
Crown by Third Time Games CROWN : done
ArchLoot AL : done
Clover CLV : done
Stargate Finance STG : done
Pangolin PNG : done
Cobak Token CBK : done
Alien Worlds TLM : done
Bluzelle BLZ : done
Gearbox GEAR : done
Dione Protocol DIONE : done
XPLA XPLA : done
Access Protocol ACS : done
Automata Network ATA : done
WHY WHY : done
OMG Network OMG : done
Venom VENOM : done
Uquid Coin UQC : done
MANEKI MANEKI : done
Zero1 Labs DEAI : done
Neiro Ethereum NEIRO : done
REI Network REI : done
Hippocrat HPO : done
Tokocrypto TKO : done
Shadow Token SHDW : done
Ethernity Chain ERN : done
Milady Meme Coin LADYS : done
Verasity VRA : done
ChainSwap CSWAP : done
Kujira KUJI : done
Artrade ATR : done
BOBO BOBO : done
Litentry LIT : done
Dego Finance DEGO : done
FUNToken FUN : done
MovieBloc MBL : done
Decentralized Social DESO : done
MESSIER M87 : done
Aavegotchi GHST : done
ALEX Lab ALEX : done
The Root Network ROOT : done
Bifrost BFC : done
Metacraft MCT : done
Binance USD BUSD : done
Goldfinch GFI : done
PlatON LAT : done
Rifampicin $RIF : done
Contentos COS : done
Onyxcoin XCN : done
OORT OORT : done
CoinEx Token CET : done
USDX [Kava] USDX : done
saving to database
